<?xml version="1.0" encoding="UTF-8"?>
<testng-results ignored="0" total="1" passed="1" failed="0" skipped="0">
  <reporter-output>
    <line>
      <![CDATA[onstart]]>
    </line>
    <line>
      <![CDATA[Iam in Vtiger Home Page...!]]>
    </line>
  </reporter-output>
  <suite started-at="2025-03-01T17:11:56 IST" name="Default suite" finished-at="2025-03-01T17:12:28 IST" duration-ms="32036">
    <groups>
    </groups>
    <test started-at="2025-03-01T17:11:56 IST" name="Default test" finished-at="2025-03-01T17:12:28 IST" duration-ms="32036">
      <class name="TC_01.Vtiger">
        <test-method is-config="true" signature="preCondition()[pri:0, instance:TC_01.Vtiger@4567f35d]" started-at="2025-03-01T17:11:57 IST" name="preCondition" finished-at="2025-03-01T17:12:00 IST" duration-ms="3230" status="PASS">
          <reporter-output>
          </reporter-output>
        </test-method> <!-- preCondition -->
        <test-method is-config="true" signature="login()[pri:0, instance:TC_01.Vtiger@4567f35d]" started-at="2025-03-01T17:12:00 IST" name="login" finished-at="2025-03-01T17:12:03 IST" duration-ms="3623" status="PASS">
          <reporter-output>
          </reporter-output>
        </test-method> <!-- login -->
        <test-method signature="testCase_1()[pri:0, instance:TC_01.Vtiger@4567f35d]" started-at="2025-03-01T17:12:03 IST" name="testCase_1" finished-at="2025-03-01T17:12:26 IST" duration-ms="22351" status="PASS">
          <reporter-output>
            <line>
              <![CDATA[Iam in Vtiger Home Page...!]]>
            </line>
          </reporter-output>
        </test-method> <!-- testCase_1 -->
        <test-method is-config="true" signature="logout()[pri:0, instance:TC_01.Vtiger@4567f35d]" started-at="2025-03-01T17:12:26 IST" name="logout" finished-at="2025-03-01T17:12:28 IST" duration-ms="2165" status="PASS">
          <reporter-output>
          </reporter-output>
        </test-method> <!-- logout -->
      </class> <!-- TC_01.Vtiger -->
    </test> <!-- Default test -->
  </suite> <!-- Default suite -->
</testng-results>
