<?xml version="1.0" encoding="UTF-8"?>
<testng-results ignored="0" total="1" passed="1" failed="0" skipped="0">
  <reporter-output>
    <line>
      <![CDATA[onstart]]>
    </line>
    <line>
      <![CDATA[iam in DWS page]]>
    </line>
  </reporter-output>
  <suite started-at="2025-03-02T12:13:13 IST" name="Default suite" finished-at="2025-03-02T12:13:31 IST" duration-ms="17992">
    <groups>
    </groups>
    <test started-at="2025-03-02T12:13:13 IST" name="Default test" finished-at="2025-03-02T12:13:31 IST" duration-ms="17992">
      <class name="DWS_MOCK.DynamicWAy">
        <test-method is-config="true" signature="preCondition()[pri:0, instance:DWS_MOCK.DynamicWAy@694abbdc]" started-at="2025-03-02T12:13:13 IST" name="preCondition" finished-at="2025-03-02T12:13:20 IST" duration-ms="6779" status="PASS">
          <reporter-output>
            <line>
              <![CDATA[iam in DWS page]]>
            </line>
          </reporter-output>
        </test-method> <!-- preCondition -->
        <test-method is-config="true" signature="login()[pri:0, instance:DWS_MOCK.DynamicWAy@694abbdc]" started-at="2025-03-02T12:13:20 IST" name="login" finished-at="2025-03-02T12:13:22 IST" duration-ms="2240" status="PASS">
          <reporter-output>
          </reporter-output>
        </test-method> <!-- login -->
        <test-method signature="run()[pri:0, instance:DWS_MOCK.DynamicWAy@694abbdc]" started-at="2025-03-02T12:13:22 IST" name="run" finished-at="2025-03-02T12:13:29 IST" duration-ms="7126" status="PASS">
          <reporter-output>
          </reporter-output>
        </test-method> <!-- run -->
        <test-method is-config="true" signature="logout()[pri:0, instance:DWS_MOCK.DynamicWAy@694abbdc]" started-at="2025-03-02T12:13:29 IST" name="logout" finished-at="2025-03-02T12:13:31 IST" duration-ms="1271" status="PASS">
          <reporter-output>
          </reporter-output>
        </test-method> <!-- logout -->
        <test-method is-config="true" signature="postCondition()[pri:0, instance:DWS_MOCK.DynamicWAy@694abbdc]" started-at="2025-03-02T12:13:31 IST" name="postCondition" finished-at="2025-03-02T12:13:31 IST" duration-ms="279" status="PASS">
          <reporter-output>
          </reporter-output>
        </test-method> <!-- postCondition -->
      </class> <!-- DWS_MOCK.DynamicWAy -->
    </test> <!-- Default test -->
  </suite> <!-- Default suite -->
</testng-results>
